app/build/outputs/logs/manifest-merger-debug-report.txt
-- Merging decision tree log ---
manifest
ADDED from src\main\AndroidManifest.xml:2:1-293:12
	xmlns:android
		ADDED from src\main\AndroidManifest.xml:2:11-69
	package
		ADDED from src\main\AndroidManifest.xml:3:5-37
		INJECTED from src\main\AndroidManifest.xml
		INJECTED from src\main\AndroidManifest.xml
	android:versionName
		ADDED from src\main\AndroidManifest.xml:5:5-41
		INJECTED from src\main\AndroidManifest.xml
		INJECTED from src\main\AndroidManifest.xml
	android:versionCode
		ADDED from src\main\AndroidManifest.xml:4:5-28
		INJECTED from src\main\AndroidManifest.xml
		INJECTED from src\main\AndroidManifest.xml
uses-permission#android.permission.READ_EXTERNAL_STORAGE
ADDED from src\main\AndroidManifest.xml:81:5-80
	android:name
		ADDED from src\main\AndroidManifest.xml:81:22-77
uses-permission#android.permission.WRITE_EXTERNAL_STORAGE
ADDED from src\main\AndroidManifest.xml:82:5-81
	android:name
		ADDED from src\main\AndroidManifest.xml:82:22-78
uses-permission#android.permission.INTERNET
ADDED from src\main\AndroidManifest.xml:83:5-67
	android:name
		ADDED from src\main\AndroidManifest.xml:83:22-64
uses-permission#android.permission.ACCESS_NETWORK_STATE
ADDED from src\main\AndroidManifest.xml:84:5-79
	android:name
		ADDED from src\main\AndroidManifest.xml:84:22-76
uses-permission#android.permission.ACCESS_WIFI_STATE
ADDED from src\main\AndroidManifest.xml:85:5-76
	android:name
		ADDED from src\main\AndroidManifest.xml:85:22-73
uses-permission#android.permission.CAMERA
ADDED from src\main\AndroidManifest.xml:86:5-65
	android:name
		ADDED from src\main\AndroidManifest.xml:86:22-62
uses-feature#android.hardware.camera
ADDED from src\main\AndroidManifest.xml:87:5-60
	android:name
		ADDED from src\main\AndroidManifest.xml:87:19-57
uses-sdk
ADDED from src\main\AndroidManifest.xml:89:5-91:40
MERGED from [com.android.support:support-v4:21.0.3] AndroidManifest.xml:15:5-42
	android:targetSdkVersion
		ADDED from src\main\AndroidManifest.xml:91:9-38
		INJECTED from src\main\AndroidManifest.xml
		INJECTED from src\main\AndroidManifest.xml
	android:minSdkVersion
		ADDED from src\main\AndroidManifest.xml:90:9-35
		INJECTED from src\main\AndroidManifest.xml
		INJECTED from src\main\AndroidManifest.xml
application
ADDED from src\main\AndroidManifest.xml:93:5-291:19
MERGED from [com.android.support:support-v4:21.0.3] AndroidManifest.xml:16:5-19
	android:label
		ADDED from src\main\AndroidManifest.xml:96:9-41
	android:allowBackup
		ADDED from src\main\AndroidManifest.xml:95:9-35
	android:icon
		ADDED from src\main\AndroidManifest.xml:97:9-45
	android:theme
		ADDED from src\main\AndroidManifest.xml:99:9-40
	android:name
		ADDED from src\main\AndroidManifest.xml:94:9-69
	android:textStyle
		ADDED from src\main\AndroidManifest.xml:98:9-33
activity#br.com.constran.mobile.PrincipalActivity
ADDED from src\main\AndroidManifest.xml:100:9-110:20
	android:screenOrientation
		ADDED from src\main\AndroidManifest.xml:105:13-55
	android:label
		ADDED from src\main\AndroidManifest.xml:103:13-45
	android:clearTaskOnLaunch
		ADDED from src\main\AndroidManifest.xml:104:13-45
	android:name
		ADDED from src\main\AndroidManifest.xml:101:13-46
	android:finishOnTaskLaunch
		ADDED from src\main\AndroidManifest.xml:102:13-47
intent-filter#android.intent.action.MAIN+android.intent.category.LAUNCHER
ADDED from src\main\AndroidManifest.xml:106:13-109:29
action#android.intent.action.MAIN
ADDED from src\main\AndroidManifest.xml:107:17-69
	android:name
		ADDED from src\main\AndroidManifest.xml:107:25-66
category#android.intent.category.LAUNCHER
ADDED from src\main\AndroidManifest.xml:108:17-77
	android:name
		ADDED from src\main\AndroidManifest.xml:108:27-74
activity#br.com.constran.mobile.qrcode.ZBarScannerActivity
ADDED from src\main\AndroidManifest.xml:119:9-121:48
	android:screenOrientation
		ADDED from src\main\AndroidManifest.xml:120:13-50
	android:label
		ADDED from src\main\AndroidManifest.xml:121:13-45
	android:name
		ADDED from src\main\AndroidManifest.xml:119:19-61
activity#br.com.constran.mobile.LoginActivity
ADDED from src\main\AndroidManifest.xml:124:9-127:58
	android:screenOrientation
		ADDED from src\main\AndroidManifest.xml:127:13-55
	android:name
		ADDED from src\main\AndroidManifest.xml:125:13-41
	android:finishOnTaskLaunch
		ADDED from src\main\AndroidManifest.xml:126:13-47
activity#br.com.constran.mobile.LocalizacaoActivity
ADDED from src\main\AndroidManifest.xml:128:9-131:58
	android:screenOrientation
		ADDED from src\main\AndroidManifest.xml:131:13-55
	android:name
		ADDED from src\main\AndroidManifest.xml:129:13-47
	android:finishOnTaskLaunch
		ADDED from src\main\AndroidManifest.xml:130:13-47
activity#br.com.constran.mobile.ConfiguracoesActivity
ADDED from src\main\AndroidManifest.xml:132:9-135:58
	android:screenOrientation
		ADDED from src\main\AndroidManifest.xml:135:13-55
	android:name
		ADDED from src\main\AndroidManifest.xml:133:13-49
	android:finishOnTaskLaunch
		ADDED from src\main\AndroidManifest.xml:134:13-47
activity#br.com.constran.mobile.EquipamentosMovimentacaoDiariaActivity
ADDED from src\main\AndroidManifest.xml:136:9-139:58
	android:screenOrientation
		ADDED from src\main\AndroidManifest.xml:139:13-55
	android:name
		ADDED from src\main\AndroidManifest.xml:137:13-66
	android:finishOnTaskLaunch
		ADDED from src\main\AndroidManifest.xml:138:13-47
activity#br.com.constran.mobile.EquipamentosParteDiariaActivity
ADDED from src\main\AndroidManifest.xml:140:9-143:58
	android:screenOrientation
		ADDED from src\main\AndroidManifest.xml:143:13-55
	android:name
		ADDED from src\main\AndroidManifest.xml:141:13-59
	android:finishOnTaskLaunch
		ADDED from src\main\AndroidManifest.xml:142:13-47
activity#br.com.constran.mobile.RelatorioEnvioActivity
ADDED from src\main\AndroidManifest.xml:144:9-147:62
	android:screenOrientation
		ADDED from src\main\AndroidManifest.xml:147:17-59
	android:name
		ADDED from src\main\AndroidManifest.xml:145:17-54
	android:finishOnTaskLaunch
		ADDED from src\main\AndroidManifest.xml:146:17-51
activity#br.com.constran.mobile.ViagensSearchActivity
ADDED from src\main\AndroidManifest.xml:148:9-151:58
	android:screenOrientation
		ADDED from src\main\AndroidManifest.xml:151:13-55
	android:name
		ADDED from src\main\AndroidManifest.xml:149:13-49
	android:finishOnTaskLaunch
		ADDED from src\main\AndroidManifest.xml:150:13-47
activity#br.com.constran.mobile.EventosSearchActivity
ADDED from src\main\AndroidManifest.xml:152:9-155:58
	android:screenOrientation
		ADDED from src\main\AndroidManifest.xml:155:13-55
	android:name
		ADDED from src\main\AndroidManifest.xml:153:13-49
	android:finishOnTaskLaunch
		ADDED from src\main\AndroidManifest.xml:154:13-47
activity#br.com.constran.mobile.DetalhesEquipamentoActivity
ADDED from src\main\AndroidManifest.xml:156:9-159:58
	android:screenOrientation
		ADDED from src\main\AndroidManifest.xml:159:13-55
	android:name
		ADDED from src\main\AndroidManifest.xml:157:13-55
	android:finishOnTaskLaunch
		ADDED from src\main\AndroidManifest.xml:158:13-47
activity#br.com.constran.mobile.ApropriacaoMovimentacaoActivity
ADDED from src\main\AndroidManifest.xml:160:9-163:58
	android:screenOrientation
		ADDED from src\main\AndroidManifest.xml:163:13-55
	android:name
		ADDED from src\main\AndroidManifest.xml:161:13-59
	android:finishOnTaskLaunch
		ADDED from src\main\AndroidManifest.xml:162:13-47
activity#br.com.constran.mobile.ApropriacaoEquipamentoActivity
ADDED from src\main\AndroidManifest.xml:164:9-167:58
	android:screenOrientation
		ADDED from src\main\AndroidManifest.xml:167:13-55
	android:name
		ADDED from src\main\AndroidManifest.xml:165:13-58
	android:finishOnTaskLaunch
		ADDED from src\main\AndroidManifest.xml:166:13-47
activity#br.com.constran.mobile.AbastecimentoActivity
ADDED from src\main\AndroidManifest.xml:168:9-171:58
	android:screenOrientation
		ADDED from src\main\AndroidManifest.xml:171:13-55
	android:name
		ADDED from src\main\AndroidManifest.xml:169:13-49
	android:finishOnTaskLaunch
		ADDED from src\main\AndroidManifest.xml:170:13-47
activity#br.com.constran.mobile.AbastecimentoViewActivity
ADDED from src\main\AndroidManifest.xml:172:9-175:58
	android:screenOrientation
		ADDED from src\main\AndroidManifest.xml:175:13-55
	android:name
		ADDED from src\main\AndroidManifest.xml:173:13-53
	android:finishOnTaskLaunch
		ADDED from src\main\AndroidManifest.xml:174:13-47
activity#br.com.constran.mobile.AbastecimentoRaeActivity
ADDED from src\main\AndroidManifest.xml:176:9-179:58
	android:screenOrientation
		ADDED from src\main\AndroidManifest.xml:179:13-55
	android:name
		ADDED from src\main\AndroidManifest.xml:177:13-52
	android:finishOnTaskLaunch
		ADDED from src\main\AndroidManifest.xml:178:13-47
activity#br.com.constran.mobile.AbastecimentoAuthActivity
ADDED from src\main\AndroidManifest.xml:180:9-183:58
	android:screenOrientation
		ADDED from src\main\AndroidManifest.xml:183:13-55
	android:name
		ADDED from src\main\AndroidManifest.xml:181:13-53
	android:finishOnTaskLaunch
		ADDED from src\main\AndroidManifest.xml:182:13-47
activity#br.com.constran.mobile.AbastecimentoConfirmActivity
ADDED from src\main\AndroidManifest.xml:184:9-187:58
	android:screenOrientation
		ADDED from src\main\AndroidManifest.xml:187:13-55
	android:name
		ADDED from src\main\AndroidManifest.xml:185:13-56
	android:finishOnTaskLaunch
		ADDED from src\main\AndroidManifest.xml:186:13-47
activity#br.com.constran.mobile.AbastecimentosSearchActivity
ADDED from src\main\AndroidManifest.xml:188:9-191:58
	android:screenOrientation
		ADDED from src\main\AndroidManifest.xml:191:13-55
	android:name
		ADDED from src\main\AndroidManifest.xml:189:13-56
	android:finishOnTaskLaunch
		ADDED from src\main\AndroidManifest.xml:190:13-47
activity#br.com.constran.mobile.AbastecimentoTempActivity
ADDED from src\main\AndroidManifest.xml:192:9-195:58
	android:screenOrientation
		ADDED from src\main\AndroidManifest.xml:195:13-55
	android:name
		ADDED from src\main\AndroidManifest.xml:193:13-53
	android:finishOnTaskLaunch
		ADDED from src\main\AndroidManifest.xml:194:13-47
activity#br.com.constran.mobile.AbastecimentoPostoActivity
ADDED from src\main\AndroidManifest.xml:196:9-199:58
	android:screenOrientation
		ADDED from src\main\AndroidManifest.xml:199:13-55
	android:name
		ADDED from src\main\AndroidManifest.xml:197:13-54
	android:finishOnTaskLaunch
		ADDED from src\main\AndroidManifest.xml:198:13-47
activity#br.com.constran.mobile.AbastecimentoPostoTransfActivity
ADDED from src\main\AndroidManifest.xml:200:9-203:58
	android:screenOrientation
		ADDED from src\main\AndroidManifest.xml:203:13-55
	android:name
		ADDED from src\main\AndroidManifest.xml:201:13-60
	android:finishOnTaskLaunch
		ADDED from src\main\AndroidManifest.xml:202:13-47
activity#br.com.constran.mobile.AbastecimentoLubrificacaoActivity
ADDED from src\main\AndroidManifest.xml:204:9-207:58
	android:screenOrientation
		ADDED from src\main\AndroidManifest.xml:207:13-55
	android:name
		ADDED from src\main\AndroidManifest.xml:205:13-61
	android:finishOnTaskLaunch
		ADDED from src\main\AndroidManifest.xml:206:13-47
activity#br.com.constran.mobile.LubrificacaoDetalhesActivity
ADDED from src\main\AndroidManifest.xml:208:9-211:58
	android:screenOrientation
		ADDED from src\main\AndroidManifest.xml:211:13-55
	android:name
		ADDED from src\main\AndroidManifest.xml:209:13-56
	android:finishOnTaskLaunch
		ADDED from src\main\AndroidManifest.xml:210:13-47
activity#br.com.constran.mobile.ManutencaoEquipamentoActivity
ADDED from src\main\AndroidManifest.xml:214:9-217:58
	android:screenOrientation
		ADDED from src\main\AndroidManifest.xml:217:13-55
	android:name
		ADDED from src\main\AndroidManifest.xml:215:13-58
	android:finishOnTaskLaunch
		ADDED from src\main\AndroidManifest.xml:216:13-47
activity#br.com.constran.mobile.ManutencaoListaEquipamentoActivity
ADDED from src\main\AndroidManifest.xml:219:9-222:58
	android:screenOrientation
		ADDED from src\main\AndroidManifest.xml:222:13-55
	android:name
		ADDED from src\main\AndroidManifest.xml:220:13-63
	android:finishOnTaskLaunch
		ADDED from src\main\AndroidManifest.xml:221:13-47
activity#br.com.constran.mobile.ManutencaoServicosActivity
ADDED from src\main\AndroidManifest.xml:224:9-227:58
	android:screenOrientation
		ADDED from src\main\AndroidManifest.xml:227:13-55
	android:name
		ADDED from src\main\AndroidManifest.xml:225:13-55
	android:finishOnTaskLaunch
		ADDED from src\main\AndroidManifest.xml:226:13-47
activity#br.com.constran.mobile.ManutencaoBuscaActivity
ADDED from src\main\AndroidManifest.xml:229:9-232:58
	android:screenOrientation
		ADDED from src\main\AndroidManifest.xml:232:13-55
	android:name
		ADDED from src\main\AndroidManifest.xml:230:13-52
	android:finishOnTaskLaunch
		ADDED from src\main\AndroidManifest.xml:231:13-47
activity#br.com.constran.mobile.view.maodeobra.fragment.RegistroEventosActivity
ADDED from src\main\AndroidManifest.xml:236:9-238:58
	android:windowSoftInputMode
		ADDED from src\main\AndroidManifest.xml:237:77-124
	android:screenOrientation
		ADDED from src\main\AndroidManifest.xml:238:13-55
	android:name
		ADDED from src\main\AndroidManifest.xml:237:13-76
activity#br.com.constran.mobile.view.maodeobra.EventoEquipeGridActivity
ADDED from src\main\AndroidManifest.xml:241:9-243:62
	android:windowSoftInputMode
		ADDED from src\main\AndroidManifest.xml:242:73-120
	android:screenOrientation
		ADDED from src\main\AndroidManifest.xml:243:17-59
	android:name
		ADDED from src\main\AndroidManifest.xml:242:17-72
activity#br.com.constran.mobile.view.maodeobra.ComposicaoEquipeGridActivity
ADDED from src\main\AndroidManifest.xml:246:9-248:62
	android:windowSoftInputMode
		ADDED from src\main\AndroidManifest.xml:247:77-124
	android:screenOrientation
		ADDED from src\main\AndroidManifest.xml:248:17-59
	android:name
		ADDED from src\main\AndroidManifest.xml:247:17-76
activity#br.com.constran.mobile.view.maodeobra.AjusteEquipeGridActivity
ADDED from src\main\AndroidManifest.xml:249:9-251:62
	android:windowSoftInputMode
		ADDED from src\main\AndroidManifest.xml:250:73-120
	android:screenOrientation
		ADDED from src\main\AndroidManifest.xml:251:17-59
	android:name
		ADDED from src\main\AndroidManifest.xml:250:17-72
activity#br.com.constran.mobile.view.maodeobra.AjusteIndividualGridActivity
ADDED from src\main\AndroidManifest.xml:252:9-254:62
	android:windowSoftInputMode
		ADDED from src\main\AndroidManifest.xml:253:77-124
	android:screenOrientation
		ADDED from src\main\AndroidManifest.xml:254:17-59
	android:name
		ADDED from src\main\AndroidManifest.xml:253:17-76
activity#br.com.constran.mobile.view.maodeobra.ProducaoEquipeGridActivity
ADDED from src\main\AndroidManifest.xml:255:9-257:62
	android:windowSoftInputMode
		ADDED from src\main\AndroidManifest.xml:256:75-122
	android:screenOrientation
		ADDED from src\main\AndroidManifest.xml:257:17-59
	android:name
		ADDED from src\main\AndroidManifest.xml:256:17-74
activity#br.com.constran.mobile.view.maodeobra.MaoObraServicoGridActivity
ADDED from src\main\AndroidManifest.xml:258:9-260:62
	android:windowSoftInputMode
		ADDED from src\main\AndroidManifest.xml:259:75-122
	android:screenOrientation
		ADDED from src\main\AndroidManifest.xml:260:17-59
	android:name
		ADDED from src\main\AndroidManifest.xml:259:17-74
activity#br.com.constran.mobile.view.maodeobra.AddEquipeLocalGridActivity
ADDED from src\main\AndroidManifest.xml:261:9-263:62
	android:windowSoftInputMode
		ADDED from src\main\AndroidManifest.xml:262:75-122
	android:screenOrientation
		ADDED from src\main\AndroidManifest.xml:263:17-59
	android:name
		ADDED from src\main\AndroidManifest.xml:262:17-74
activity#br.com.constran.mobile.view.maodeobra.AddTemporarioActivity
ADDED from src\main\AndroidManifest.xml:264:9-266:62
	android:windowSoftInputMode
		ADDED from src\main\AndroidManifest.xml:265:70-117
	android:screenOrientation
		ADDED from src\main\AndroidManifest.xml:266:17-59
	android:name
		ADDED from src\main\AndroidManifest.xml:265:17-69
activity#br.com.constran.mobile.view.indicepluviometrico.IndicePluviometricoServicoGridActivity
ADDED from src\main\AndroidManifest.xml:269:9-272:62
	android:windowSoftInputMode
		ADDED from src\main\AndroidManifest.xml:271:17-64
	android:screenOrientation
		ADDED from src\main\AndroidManifest.xml:272:17-59
	android:name
		ADDED from src\main\AndroidManifest.xml:270:17-96
activity#br.com.constran.mobile.view.indicepluviometrico.AddIndicePluviometricoActivity
ADDED from src\main\AndroidManifest.xml:273:9-276:62
	android:windowSoftInputMode
		ADDED from src\main\AndroidManifest.xml:275:17-64
	android:screenOrientation
		ADDED from src\main\AndroidManifest.xml:276:17-59
	android:name
		ADDED from src\main\AndroidManifest.xml:274:17-88
activity#br.com.constran.mobile.ModulosActivity
ADDED from src\main\AndroidManifest.xml:278:9-281:58
	android:windowSoftInputMode
		ADDED from src\main\AndroidManifest.xml:280:13-60
	android:screenOrientation
		ADDED from src\main\AndroidManifest.xml:281:13-55
	android:name
		ADDED from src\main\AndroidManifest.xml:279:13-43
service#br.com.constran.mobile.backup.BackupService
ADDED from src\main\AndroidManifest.xml:284:9-289:19
	android:name
		ADDED from src\main\AndroidManifest.xml:284:18-54
intent-filter#BACKUP_SERVICE+android.intent.category.DEFAULT
ADDED from src\main\AndroidManifest.xml:285:13-288:29
action#BACKUP_SERVICE
ADDED from src\main\AndroidManifest.xml:286:17-64
	android:name
		ADDED from src\main\AndroidManifest.xml:286:25-54
category#android.intent.category.DEFAULT
ADDED from src\main\AndroidManifest.xml:287:17-85
	android:name
		ADDED from src\main\AndroidManifest.xml:287:27-73